d:\castlevania-new\game\release\vc141.pdb
d:\castlevania-new\game\release\keyeventhandler.obj
d:\castlevania-new\game\release\items.obj
d:\castlevania-new\game\release\ground.obj
d:\castlevania-new\game\release\grid.obj
d:\castlevania-new\game\release\gameobject.obj
d:\castlevania-new\game\release\game.obj
d:\castlevania-new\game\release\fishman.obj
d:\castlevania-new\game\release\fireball.obj
d:\castlevania-new\game\release\enemy.obj
d:\castlevania-new\game\release\effectdead.obj
d:\castlevania-new\game\release\door.obj
d:\castlevania-new\game\release\define.obj
d:\castlevania-new\game\release\debug.obj
d:\castlevania-new\game\release\checkstair.obj
d:\castlevania-new\game\release\changescene.obj
d:\castlevania-new\game\release\bubbles.obj
d:\castlevania-new\game\release\breakwall.obj
d:\castlevania-new\game\release\boss.obj
d:\castlevania-new\game\release\bat.obj
d:\castlevania-new\game\release\animations.obj
d:\castlevania-new\game\release\zombie.obj
d:\castlevania-new\game\release\whip.obj
d:\castlevania-new\game\release\water.obj
d:\castlevania-new\game\release\wallpieces.obj
d:\castlevania-new\game\release\ui.obj
d:\castlevania-new\game\release\tilemap.obj
d:\castlevania-new\game\release\textures.obj
d:\castlevania-new\game\release\subweapon.obj
d:\castlevania-new\game\release\stair.obj
d:\castlevania-new\game\release\sprites.obj
d:\castlevania-new\game\release\simon.obj
d:\castlevania-new\game\release\panther.obj
d:\castlevania-new\game\release\mapobjectmanager.obj
d:\castlevania-new\game\release\manager.obj
d:\castlevania-new\game\release\main.obj
d:\castlevania-new\game\release\candle.obj
d:\castlevania-new\release\game.exe
d:\castlevania-new\release\game.pdb
d:\castlevania-new\game\release\game.tlog\cl.command.1.tlog
d:\castlevania-new\game\release\game.tlog\cl.read.1.tlog
d:\castlevania-new\game\release\game.tlog\cl.write.1.tlog
d:\castlevania-new\game\release\game.tlog\link.command.1.tlog
d:\castlevania-new\game\release\game.tlog\link.read.1.tlog
d:\castlevania-new\game\release\game.tlog\link.write.1.tlog
