d:\castlevania-new\game\debug\vc141.pdb
d:\castlevania-new\game\debug\vc141.idb
d:\castlevania-new\game\debug\keyeventhandler.obj
d:\castlevania-new\game\debug\items.obj
d:\castlevania-new\game\debug\ground.obj
d:\castlevania-new\game\debug\grid.obj
d:\castlevania-new\game\debug\gameobject.obj
d:\castlevania-new\game\debug\game.obj
d:\castlevania-new\game\debug\fishman.obj
d:\castlevania-new\game\debug\fireball.obj
d:\castlevania-new\game\debug\enemy.obj
d:\castlevania-new\game\debug\effectdead.obj
d:\castlevania-new\game\debug\door.obj
d:\castlevania-new\game\debug\define.obj
d:\castlevania-new\game\debug\debug.obj
d:\castlevania-new\game\debug\checkstair.obj
d:\castlevania-new\game\debug\changescene.obj
d:\castlevania-new\game\debug\bubbles.obj
d:\castlevania-new\game\debug\breakwall.obj
d:\castlevania-new\game\debug\boss.obj
d:\castlevania-new\game\debug\bat.obj
d:\castlevania-new\game\debug\animations.obj
d:\castlevania-new\game\debug\zombie.obj
d:\castlevania-new\game\debug\whip.obj
d:\castlevania-new\game\debug\water.obj
d:\castlevania-new\game\debug\wallpieces.obj
d:\castlevania-new\game\debug\ui.obj
d:\castlevania-new\game\debug\tilemap.obj
d:\castlevania-new\game\debug\textures.obj
d:\castlevania-new\game\debug\subweapon.obj
d:\castlevania-new\game\debug\stair.obj
d:\castlevania-new\game\debug\sprites.obj
d:\castlevania-new\game\debug\simon.obj
d:\castlevania-new\game\debug\panther.obj
d:\castlevania-new\game\debug\mapobjectmanager.obj
d:\castlevania-new\game\debug\manager.obj
d:\castlevania-new\game\debug\main.obj
d:\castlevania-new\game\debug\candle.obj
d:\castlevania-new\debug\game.exe
d:\castlevania-new\debug\game.ilk
d:\castlevania-new\debug\game.pdb
d:\castlevania-new\game\debug\manager.obj.enc
d:\castlevania-new\game\debug\game.tlog\cl.command.1.tlog
d:\castlevania-new\game\debug\game.tlog\cl.read.1.tlog
d:\castlevania-new\game\debug\game.tlog\cl.write.1.tlog
d:\castlevania-new\game\debug\game.tlog\link.command.1.tlog
d:\castlevania-new\game\debug\game.tlog\link.read.1.tlog
d:\castlevania-new\game\debug\game.tlog\link.write.1.tlog
